CRITICAL - 2023-03-09 16:53:40 --> include_once(): http:// wrapper is disabled in the server configuration by allow_url_include=0
in APPPATH\Views\index.php on line 26.
 1 APPPATH\Views\index.php(26): CodeIgniter\Debug\Exceptions->errorHandler(2, 'include_once(): http:// wrapper is disabled in the server configuration by allow_url_include=0', 'APPPATH\\Views\\index.php', 26)
 2 APPPATH\Views\index.php(26): include_once()
 3 SYSTEMPATH\View\View.php(213): include('APPPATH\\Views\\index.php')
 4 SYSTEMPATH\View\View.php(216): CodeIgniter\View\View->CodeIgniter\View\{closure}()
 5 SYSTEMPATH\Common.php(1184): CodeIgniter\View\View->render('index', [], true)
 6 APPPATH\Controllers\Home.php(9): view('index')
 7 SYSTEMPATH\CodeIgniter.php(934): App\Controllers\Home->index()
 8 SYSTEMPATH\CodeIgniter.php(499): CodeIgniter\CodeIgniter->runController(Object(App\Controllers\Home))
 9 SYSTEMPATH\CodeIgniter.php(368): CodeIgniter\CodeIgniter->handleRequest(null, Object(Config\Cache), false)
10 FCPATH\index.php(67): CodeIgniter\CodeIgniter->run()
11 SYSTEMPATH\Commands\Server\rewrite.php(47): require_once('FCPATH\\index.php')
CRITICAL - 2023-03-09 16:53:43 --> include_once(): http:// wrapper is disabled in the server configuration by allow_url_include=0
in APPPATH\Views\index.php on line 26.
 1 APPPATH\Views\index.php(26): CodeIgniter\Debug\Exceptions->errorHandler(2, 'include_once(): http:// wrapper is disabled in the server configuration by allow_url_include=0', 'APPPATH\\Views\\index.php', 26)
 2 APPPATH\Views\index.php(26): include_once()
 3 SYSTEMPATH\View\View.php(213): include('APPPATH\\Views\\index.php')
 4 SYSTEMPATH\View\View.php(216): CodeIgniter\View\View->CodeIgniter\View\{closure}()
 5 SYSTEMPATH\Common.php(1184): CodeIgniter\View\View->render('index', [], true)
 6 APPPATH\Controllers\Home.php(9): view('index')
 7 SYSTEMPATH\CodeIgniter.php(934): App\Controllers\Home->index()
 8 SYSTEMPATH\CodeIgniter.php(499): CodeIgniter\CodeIgniter->runController(Object(App\Controllers\Home))
 9 SYSTEMPATH\CodeIgniter.php(368): CodeIgniter\CodeIgniter->handleRequest(null, Object(Config\Cache), false)
10 FCPATH\index.php(67): CodeIgniter\CodeIgniter->run()
11 SYSTEMPATH\Commands\Server\rewrite.php(47): require_once('FCPATH\\index.php')
